1705312439227	geckodriver	INFO	Listening on 127.0.0.1:49735
1705312442296	mozrunner::runner	INFO	Running command: "C:\\Users\\Sprint User\\.cache\\selenium\\firefox\\win64\\121.0.1\\firefox.exe" "--marionette" "--user-data ... "--remote-allow-hosts" "localhost" "-no-remote" "-profile" "C:\\Users\\SPRINT~1\\AppData\\Local\\Temp\\rust_mozprofilebhlz5y"
console.warn: services.settings: Ignoring preference override of remote settings server
console.warn: services.settings: Allow by setting MOZ_REMOTE_SETTINGS_DEVTOOLS=1 in the environment
1705312442708	Marionette	INFO	Marionette enabled
Dynamically enable window occlusion 0
console.error: "Warning: unrecognized command line flag" "-user-data-dir"
1705312442792	Marionette	INFO	Listening on port 49743
WebDriver BiDi listening on ws://127.0.0.1:49736
Read port: 49743
1705312442995	RemoteAgent	WARN	TLS certificate errors will be ignored for this session
console.error: (new TypeError("NetworkError: Network request failed", "resource://services-settings/Utils.sys.mjs", 236))
console.error: (new TypeError("NetworkError: Network request failed", "resource://services-settings/Utils.sys.mjs", 236))
console.error: (new TypeError("NetworkError: Network request failed", "resource://services-settings/Utils.sys.mjs", 236))
DevTools listening on ws://127.0.0.1:49736/devtools/browser/17d6f822-ba40-42f9-a6bf-67f117f2c5ef
1705312473650	addons.xpi	ERROR	System addon update list error SyntaxError: XMLHttpRequest.open: 'http://%(server)s/dummy-system-addons.xml' is not a valid URL.
1705313168163	Marionette	INFO	Stopped listening on port 49743
Dynamically enable window occlusion 1
console.warn: TopSitesFeed: Failed to fetch data from Contile server: NetworkError when attempting to fetch resource.
console.error: "Failed to fetch https://spocs.getpocket.com/user:" "NetworkError when attempting to fetch resource."
